<?xml version="1.0" encoding="UTF-8"?>
<!-- Generated by org.testng.reporters.JUnitReportReporter -->
<testsuite hostname="LAPTOP-PQ81QKLS" failures="0" tests="4" name="TEST.TestUpdate" time="14.598" errors="0" timestamp="2023-04-13T08:14:05 ICT" skipped="0">
  <testcase classname="TEST.TestUpdate" name="FillUpdateDetails" time="3.602"/>
  <system-out/>
  <testcase classname="TEST.TestUpdate" name="FillUpdateDetails" time="3.811"/>
  <system-out/>
  <testcase classname="TEST.TestUpdate" name="FillUpdateDetails" time="3.596"/>
  <system-out/>
  <testcase classname="TEST.TestUpdate" name="FillUpdateDetails" time="3.589"/>
  <system-out/>
</testsuite> <!-- TEST.TestUpdate -->
